Using pre-set license
Built from '2020.3/staging' branch; Version is '2020.3.16f1 (049d6eca3c44) revision 302446'; Using compiler version '192528614'; Build Type 'Release'
OS: 'Windows 10 Pro; OS build 19041.1237; Version 2004; 64bit' Language: 'en' Physical Memory: 16330 MB
BatchMode: 1, IsHumanControllingUs: 0, StartBugReporterOnCrash: 0, Is64bit: 1, IsPro: 0

 COMMAND LINE ARGUMENTS:
C:\Program Files\Unity\Hub\Editor\2020.3.16f1\Editor\Unity.exe
-adb2
-batchMode
-noUpm
-name
AssetImportWorker0
-projectPath
C:/Users/kcqb1/IT4080C Default Project/IT4080CDefaultProject
-logFile
Logs/AssetImportWorker0.log
-srvPort
63074
Successfully changed project path to: C:/Users/kcqb1/IT4080C Default Project/IT4080CDefaultProject
C:/Users/kcqb1/IT4080C Default Project/IT4080CDefaultProject
Using Asset Import Pipeline V2.
Refreshing native plugins compatible for Editor in 64.49 ms, found 2 plugins.
Preloading 0 native plugins for Editor in 0.00 ms.
Initialize engine version: 2020.3.16f1 (049d6eca3c44)
[Subsystems] Discovering subsystems at path C:/Program Files/Unity/Hub/Editor/2020.3.16f1/Editor/Data/Resources/UnitySubsystems
[Subsystems] Discovering subsystems at path C:/Users/kcqb1/IT4080C Default Project/IT4080CDefaultProject/Assets
GfxDevice: creating device client; threaded=0
Direct3D:
    Version:  Direct3D 11.0 [level 11.1]
    Renderer: NVIDIA GeForce GTX 1660 (ID=0x2184)
    Vendor:   
    VRAM:     5991 MB
    Driver:   27.21.14.5751
Initialize mono
Mono path[0] = 'C:/Program Files/Unity/Hub/Editor/2020.3.16f1/Editor/Data/Managed'
Mono path[1] = 'C:/Program Files/Unity/Hub/Editor/2020.3.16f1/Editor/Data/MonoBleedingEdge/lib/mono/unityjit'
Mono config path = 'C:/Program Files/Unity/Hub/Editor/2020.3.16f1/Editor/Data/MonoBleedingEdge/etc'
Using monoOptions --debugger-agent=transport=dt_socket,embedding=1,server=y,suspend=n,address=127.0.0.1:56704
Begin MonoManager ReloadAssembly
Registering precompiled unity dll's ...
Register platform support module: C:/Program Files/Unity/Hub/Editor/2020.3.16f1/Editor/Data/PlaybackEngines/WindowsStandaloneSupport/UnityEditor.WindowsStandalone.Extensions.dll
Registered in 0.002499 seconds.
Native extension for WindowsStandalone target not found
Refreshing native plugins compatible for Editor in 46.03 ms, found 2 plugins.
Preloading 0 native plugins for Editor in 0.00 ms.
Mono: successfully reloaded assembly
- Completed reload, in  1.578 seconds
Domain Reload Profiling:
	ReloadAssembly (1579ms)
		BeginReloadAssembly (122ms)
			ExecutionOrderSort (0ms)
			DisableScriptedObjects (0ms)
			BackupInstance (0ms)
			ReleaseScriptingObjects (0ms)
			CreateAndSetChildDomain (1ms)
		EndReloadAssembly (538ms)
			LoadAssemblies (119ms)
			RebuildTransferFunctionScriptingTraits (0ms)
			SetupTypeCache (190ms)
			ReleaseScriptCaches (0ms)
			RebuildScriptCaches (37ms)
			SetupLoadedEditorAssemblies (214ms)
				LogAssemblyErrors (0ms)
				InitializePlatformSupportModulesInManaged (5ms)
				SetLoadedEditorAssemblies (0ms)
				RefreshPlugins (46ms)
				BeforeProcessingInitializeOnLoad (11ms)
				ProcessInitializeOnLoadAttributes (113ms)
				ProcessInitializeOnLoadMethodAttributes (39ms)
				AfterProcessingInitializeOnLoad (0ms)
				EditorAssembliesLoaded (0ms)
			ExecutionOrderSort2 (0ms)
			AwakeInstancesAfterBackupRestoration (0ms)
Platform modules already initialized, skipping
Registering precompiled user dll's ...
Registered in 0.010743 seconds.
Begin MonoManager ReloadAssembly
Native extension for WindowsStandalone target not found
Refreshing native plugins compatible for Editor in 0.53 ms, found 2 plugins.
Preloading 0 native plugins for Editor in 0.00 ms.
Find all reader and writers took 130 milliseconds
Script Module: UnityEngine.UI.dll
Weave behaviours and messages took 83 milliseconds
Find all reader and writers took 92 milliseconds
Script Module: UnityEngine.TestRunner.dll
Weave behaviours and messages took 24 milliseconds
Find all reader and writers took 90 milliseconds
Script Module: SimpleWebTransport.dll
Weave behaviours and messages took 6 milliseconds
Find all reader and writers took 91 milliseconds
Script Module: Unity.Timeline.dll
Weave behaviours and messages took 31 milliseconds
Find all reader and writers took 107 milliseconds
Script Module: Unity.Multiplayer.MLAPI.Runtime.dll
Weave behaviours and messages took 45 milliseconds
Find all reader and writers took 106 milliseconds
Script Module: Unity.TextMeshPro.dll
Weave behaviours and messages took 82 milliseconds
Find all reader and writers took 91 milliseconds
Script Module: Unity.Multiplayer.MLAPI.Prototyping.dll
Weave behaviours and messages took 5 milliseconds
Find all reader and writers took 90 milliseconds
Script Module: kcp2k.dll
Weave behaviours and messages took 4 milliseconds
Find all reader and writers took 98 milliseconds
Script Module: Telepathy.dll
Weave behaviours and messages took 2 milliseconds
Find all reader and writers took 99 milliseconds
Script Module: Assembly-CSharp.dll
Weave behaviours and messages took 1 milliseconds
Find all reader and writers took 99 milliseconds
Script Module: where-allocations.dll
Weave behaviours and messages took 0 milliseconds
Find all reader and writers took 125 milliseconds
Script Module: UnityEditor.TestRunner.dll
Weave behaviours and messages took 43 milliseconds
Find all reader and writers took 117 milliseconds
Script Module: UnityEditor.UI.dll
Weave behaviours and messages took 12 milliseconds
Find all reader and writers took 124 milliseconds
Script Module: ParrelSync.dll
Weave behaviours and messages took 2 milliseconds
Find all reader and writers took 115 milliseconds
Script Module: Mirror.CompilerSymbols.dll
Weave behaviours and messages took 0 milliseconds
Mono: successfully reloaded assembly
- Completed reload, in  6.267 seconds
Domain Reload Profiling:
	ReloadAssembly (6268ms)
		BeginReloadAssembly (187ms)
			ExecutionOrderSort (0ms)
			DisableScriptedObjects (8ms)
			BackupInstance (0ms)
			ReleaseScriptingObjects (0ms)
			CreateAndSetChildDomain (21ms)
		EndReloadAssembly (5992ms)
			LoadAssemblies (123ms)
			RebuildTransferFunctionScriptingTraits (0ms)
			SetupTypeCache (379ms)
			ReleaseScriptCaches (0ms)
			RebuildScriptCaches (60ms)
			SetupLoadedEditorAssemblies (5293ms)
				LogAssemblyErrors (0ms)
				InitializePlatformSupportModulesInManaged (7ms)
				SetLoadedEditorAssemblies (1ms)
				RefreshPlugins (1ms)
				BeforeProcessingInitializeOnLoad (80ms)
				ProcessInitializeOnLoadAttributes (388ms)
				ProcessInitializeOnLoadMethodAttributes (4806ms)
				AfterProcessingInitializeOnLoad (11ms)
				EditorAssembliesLoaded (0ms)
			ExecutionOrderSort2 (0ms)
			AwakeInstancesAfterBackupRestoration (9ms)
Platform modules already initialized, skipping
========================================================================
Worker process is ready to serve import requests
Launched and connected shader compiler UnityShaderCompiler.exe after 0.07 seconds
Refreshing native plugins compatible for Editor in 0.49 ms, found 2 plugins.
Preloading 0 native plugins for Editor in 0.00 ms.
Unloading 1806 Unused Serialized files (Serialized files now loaded: 0)
System memory in use before: 78.3 MB.
System memory in use after: 78.4 MB.

Unloading 27 unused Assets to reduce memory usage. Loaded Objects now: 2233.
Total: 6.065900 ms (FindLiveObjects: 0.190000 ms CreateObjectMapping: 0.045800 ms MarkObjects: 5.747900 ms  DeleteObjects: 0.080800 ms)

AssetImportParameters requested are different than current active one (requested -> active):
  custom:framework-win-MediaFoundation: 216162199b28c13a410421893ffa2e32 -> 
  custom:video-decoder-ogg-theora: a1e56fd34408186e4bbccfd4996cb3dc -> 
  custom:container-muxer-webm: aa71ff27fc2769a1b78a27578f13a17b -> 
  custom:container-demuxer-webm: 4f35f7cbe854078d1ac9338744f61a02 -> 
  custom:container-demuxer-ogg: 62fdf1f143b41e24485cea50d1cbac27 -> 
  custom:video-encoder-webm-vp8: eb34c28f22e8b96e1ab97ce403110664 -> 
  custom:video-decoder-webm-vp8: 9c59270c3fd7afecdb556c50c9e8de78 -> 
  custom:audio-decoder-ogg-vorbis: bf7c407c2cedff20999df2af8eb42d56 -> 
  custom:audio-encoder-webm-vorbis: bf7c407c2cedff20999df2af8eb42d56 -> 
========================================================================
Received Import Request.
  path: Assets/_TerrainAutoUpgrade/layer_GR_Moss1_ASGR_Moss1_N3d1cca0d6d0e9938.terrainlayer
  artifactKey: Guid(bf556b91b6127f441839e4d11f76f439) Importer(815301076,1909f56bfc062723c751e8b465ee728b)
Start importing Assets/_TerrainAutoUpgrade/layer_GR_Moss1_ASGR_Moss1_N3d1cca0d6d0e9938.terrainlayer using Guid(bf556b91b6127f441839e4d11f76f439) Importer(815301076,1909f56bfc062723c751e8b465ee728b)  -> (artifact id: '7a9e865a8c84964d874b4aec18343768') in 0.084602 seconds 
  Import took 0.089366 seconds .

========================================================================
Received Import Request.
  Time since last request: 0.000247 seconds.
  path: Assets/_TerrainAutoUpgrade/layer_GR_Dirt1_ASGR_Dirt1_N3d1cca0d6d0e9938.terrainlayer
  artifactKey: Guid(44f2dccc5d8fc7b438b015beffdff142) Importer(815301076,1909f56bfc062723c751e8b465ee728b)
Start importing Assets/_TerrainAutoUpgrade/layer_GR_Dirt1_ASGR_Dirt1_N3d1cca0d6d0e9938.terrainlayer using Guid(44f2dccc5d8fc7b438b015beffdff142) Importer(815301076,1909f56bfc062723c751e8b465ee728b)  -> (artifact id: '2728a50a0c724c8be86c3cfd9f85ab5d') in 0.011032 seconds 
  Import took 0.014030 seconds .

========================================================================
Received Import Request.
  Time since last request: 0.000199 seconds.
  path: Assets/_TerrainAutoUpgrade/layer_GR_Asphalt1_ASGR_Asphalt1_Nd261c09ae55ba1e3.terrainlayer
  artifactKey: Guid(3b1eaf784f7a27a47b86ef08e5d58dba) Importer(815301076,1909f56bfc062723c751e8b465ee728b)
Start importing Assets/_TerrainAutoUpgrade/layer_GR_Asphalt1_ASGR_Asphalt1_Nd261c09ae55ba1e3.terrainlayer using Guid(3b1eaf784f7a27a47b86ef08e5d58dba) Importer(815301076,1909f56bfc062723c751e8b465ee728b)  -> (artifact id: 'eeee257191e2b79ebdd7c44c72af4792') in 0.013879 seconds 
  Import took 0.017179 seconds .

========================================================================
Received Prepare
Registering precompiled user dll's ...
Registered in 0.008596 seconds.
Begin MonoManager ReloadAssembly
Native extension for WindowsStandalone target not found
Refreshing native plugins compatible for Editor in 0.57 ms, found 2 plugins.
Preloading 0 native plugins for Editor in 0.00 ms.
Mono: successfully reloaded assembly
- Completed reload, in  1.537 seconds
Domain Reload Profiling:
	ReloadAssembly (1537ms)
		BeginReloadAssembly (158ms)
			ExecutionOrderSort (0ms)
			DisableScriptedObjects (6ms)
			BackupInstance (0ms)
			ReleaseScriptingObjects (0ms)
			CreateAndSetChildDomain (43ms)
		EndReloadAssembly (1298ms)
			LoadAssemblies (118ms)
			RebuildTransferFunctionScriptingTraits (0ms)
			SetupTypeCache (529ms)
			ReleaseScriptCaches (2ms)
			RebuildScriptCaches (53ms)
			SetupLoadedEditorAssemblies (442ms)
				LogAssemblyErrors (0ms)
				InitializePlatformSupportModulesInManaged (7ms)
				SetLoadedEditorAssemblies (1ms)
				RefreshPlugins (1ms)
				BeforeProcessingInitializeOnLoad (77ms)
				ProcessInitializeOnLoadAttributes (334ms)
				ProcessInitializeOnLoadMethodAttributes (11ms)
				AfterProcessingInitializeOnLoad (10ms)
				EditorAssembliesLoaded (0ms)
			ExecutionOrderSort2 (0ms)
			AwakeInstancesAfterBackupRestoration (10ms)
Platform modules already initialized, skipping
Refreshing native plugins compatible for Editor in 0.44 ms, found 2 plugins.
Preloading 0 native plugins for Editor in 0.00 ms.
Unloading 1800 Unused Serialized files (Serialized files now loaded: 0)
System memory in use before: 81.1 MB.
System memory in use after: 81.3 MB.

Unloading 22 unused Assets to reduce memory usage. Loaded Objects now: 2238.
Total: 3.282300 ms (FindLiveObjects: 0.188100 ms CreateObjectMapping: 0.055800 ms MarkObjects: 3.014500 ms  DeleteObjects: 0.021900 ms)

AssetImportParameters requested are different than current active one (requested -> active):
  custom:framework-win-MediaFoundation: 216162199b28c13a410421893ffa2e32 -> 
  custom:video-decoder-ogg-theora: a1e56fd34408186e4bbccfd4996cb3dc -> 
  custom:container-muxer-webm: aa71ff27fc2769a1b78a27578f13a17b -> 
  custom:container-demuxer-webm: 4f35f7cbe854078d1ac9338744f61a02 -> 
  custom:container-demuxer-ogg: 62fdf1f143b41e24485cea50d1cbac27 -> 
  custom:video-encoder-webm-vp8: eb34c28f22e8b96e1ab97ce403110664 -> 
  custom:video-decoder-webm-vp8: 9c59270c3fd7afecdb556c50c9e8de78 -> 
  custom:audio-decoder-ogg-vorbis: bf7c407c2cedff20999df2af8eb42d56 -> 
  custom:audio-encoder-webm-vorbis: bf7c407c2cedff20999df2af8eb42d56 -> 
========================================================================
Received Import Request.
  Time since last request: 1967.712883 seconds.
  path: Assets/Scenes/SampleScene.unity
  artifactKey: Guid(9fc0d4010bbf28b4594072e72b8655ab) Importer(815301076,1909f56bfc062723c751e8b465ee728b)
Start importing Assets/Scenes/SampleScene.unity using Guid(9fc0d4010bbf28b4594072e72b8655ab) Importer(815301076,1909f56bfc062723c751e8b465ee728b)  -> (artifact id: 'b8a6b2ce05dec24267bf81943f8a28a9') in 0.021446 seconds 
  Import took 0.024781 seconds .

========================================================================
Received Import Request.
  Time since last request: 9.817720 seconds.
  path: Assets/Scenes/NetworkManager.prefab
  artifactKey: Guid(e993ae4a36cdff34ba0933214ea378f2) Importer(815301076,1909f56bfc062723c751e8b465ee728b)
Start importing Assets/Scenes/NetworkManager.prefab using Guid(e993ae4a36cdff34ba0933214ea378f2) Importer(815301076,1909f56bfc062723c751e8b465ee728b) [MLAPI] Active scene is not registered as a network scene. The MLAPI has added it
UnityEngine.StackTraceUtility:ExtractStackTrace ()
UnityEngine.DebugLogHandler:LogFormat (UnityEngine.LogType,UnityEngine.Object,string,object[])
UnityEngine.Logger:Log (UnityEngine.LogType,object)
UnityEngine.Debug:LogWarning (object)
MLAPI.Logging.NetworkLog:LogWarning (string) (at Library/PackageCache/com.unity.multiplayer.mlapi@3e3aef6aa0/Runtime/Logging/NetworkLog.cs:22)
MLAPI.NetworkManager:OnValidate () (at Library/PackageCache/com.unity.multiplayer.mlapi@3e3aef6aa0/Runtime/Core/NetworkManager.cs:215)

(Filename: Library/PackageCache/com.unity.multiplayer.mlapi@3e3aef6aa0/Runtime/Logging/NetworkLog.cs Line: 22)

 -> (artifact id: '1467819e3f9ff2316c9ecfa70192c16e') in 0.066011 seconds 
  Import took 0.069912 seconds .

========================================================================
Received Import Request.
  Time since last request: 16.001230 seconds.
  path: Assets/Scenes/MainMenu.unity
  artifactKey: Guid(8bd65e90a5cda50469ab66dccc0446d0) Importer(815301076,1909f56bfc062723c751e8b465ee728b)
Start importing Assets/Scenes/MainMenu.unity using Guid(8bd65e90a5cda50469ab66dccc0446d0) Importer(815301076,1909f56bfc062723c751e8b465ee728b)  -> (artifact id: 'ae6d14bcc707455515e2d891160a9a80') in 0.014556 seconds 
  Import took 0.017748 seconds .

========================================================================
Received Import Request.
  Time since last request: 6.939626 seconds.
  path: Assets/Mirror/Examples/MultipleAdditiveScenes/Models/Icosphere/Icosphere.obj
  artifactKey: Guid(1fe56a0e685b8434ebfeb53c69b59a5e) Importer(815301076,1909f56bfc062723c751e8b465ee728b)
Start importing Assets/Mirror/Examples/MultipleAdditiveScenes/Models/Icosphere/Icosphere.obj using Guid(1fe56a0e685b8434ebfeb53c69b59a5e) Importer(815301076,1909f56bfc062723c751e8b465ee728b)  -> (artifact id: 'af57e669e21c394595ab5b3d0594f7a5') in 0.181606 seconds 
  Import took 0.185050 seconds .

========================================================================
Received Import Request.
  Time since last request: 0.000200 seconds.
  path: Assets/Mirror/Examples/Tanks/Models/(Public Domain) Recon_Tank/reconTank.fbx
  artifactKey: Guid(38b49695fc0a4418bbc350f2366660c5) Importer(815301076,1909f56bfc062723c751e8b465ee728b)
Start importing Assets/Mirror/Examples/Tanks/Models/(Public Domain) Recon_Tank/reconTank.fbx using Guid(38b49695fc0a4418bbc350f2366660c5) Importer(815301076,1909f56bfc062723c751e8b465ee728b)  -> (artifact id: '6cd744e25e06d0d698a72e52308bc7fa') in 0.088143 seconds 
  Import took 0.091658 seconds .

========================================================================
Received Import Request.
  Time since last request: 0.263821 seconds.
  path: Assets/Mirror/Examples/Pong/Prefabs/Ball.prefab
  artifactKey: Guid(5f7a7f34494ed40268eff49dbf9168bf) Importer(815301076,1909f56bfc062723c751e8b465ee728b)
Start importing Assets/Mirror/Examples/Pong/Prefabs/Ball.prefab using Guid(5f7a7f34494ed40268eff49dbf9168bf) Importer(815301076,1909f56bfc062723c751e8b465ee728b)  -> (artifact id: '83bf76c3904638f89e6bee0c5228000b') in 0.037673 seconds 
  Import took 0.040785 seconds .

========================================================================
Received Import Request.
  Time since last request: 0.000170 seconds.
  path: Assets/Mirror/Examples/MultipleAdditiveScenes/Prefabs/Player.prefab
  artifactKey: Guid(1f4d376d8ca693049abd1744e4c79fad) Importer(815301076,1909f56bfc062723c751e8b465ee728b)
Start importing Assets/Mirror/Examples/MultipleAdditiveScenes/Prefabs/Player.prefab using Guid(1f4d376d8ca693049abd1744e4c79fad) Importer(815301076,1909f56bfc062723c751e8b465ee728b)  -> (artifact id: 'decf7937a214b38268ab8a8f68dc6bea') in 0.066511 seconds 
  Import took 0.069346 seconds .

========================================================================
Received Import Request.
  Time since last request: 0.000170 seconds.
  path: Assets/Mirror/Examples/AdditiveScenes/Prefabs/Zone.prefab
  artifactKey: Guid(de939020b5e2aa5489ebcc4002d75d54) Importer(815301076,1909f56bfc062723c751e8b465ee728b)
Start importing Assets/Mirror/Examples/AdditiveScenes/Prefabs/Zone.prefab using Guid(de939020b5e2aa5489ebcc4002d75d54) Importer(815301076,1909f56bfc062723c751e8b465ee728b)  -> (artifact id: 'e4dca86ab66273f9279dfa932d02c9f6') in 0.009697 seconds 
  Import took 0.013418 seconds .

========================================================================
Received Import Request.
  Time since last request: 0.000131 seconds.
  path: Assets/Mirror/Examples/MultipleAdditiveScenes/Prefabs/Prize.prefab
  artifactKey: Guid(8cec47ed46e0eff45966a5173d3aa0d3) Importer(815301076,1909f56bfc062723c751e8b465ee728b)
Start importing Assets/Mirror/Examples/MultipleAdditiveScenes/Prefabs/Prize.prefab using Guid(8cec47ed46e0eff45966a5173d3aa0d3) Importer(815301076,1909f56bfc062723c751e8b465ee728b)  -> (artifact id: '707387717296e132392aa00f1e2831bc') in 0.017982 seconds 
  Import took 0.021322 seconds .

========================================================================
Received Import Request.
  Time since last request: 0.000158 seconds.
  path: Assets/Mirror/Examples/MultipleMatches/Prefabs/MatchGUI.prefab
  artifactKey: Guid(df3727c2222378b4ca786485a8b09981) Importer(815301076,1909f56bfc062723c751e8b465ee728b)
Start importing Assets/Mirror/Examples/MultipleMatches/Prefabs/MatchGUI.prefab using Guid(df3727c2222378b4ca786485a8b09981) Importer(815301076,1909f56bfc062723c751e8b465ee728b)  -> (artifact id: '621f748494c0f533796ba11133e3bb68') in 0.026963 seconds 
  Import took 0.029903 seconds .

========================================================================
Received Import Request.
  Time since last request: 0.000189 seconds.
  path: Assets/Mirror/Examples/MultipleMatches/Prefabs/PlayerGUI.prefab
  artifactKey: Guid(504f86497324bc040be44f6f88b6cc73) Importer(815301076,1909f56bfc062723c751e8b465ee728b)
Start importing Assets/Mirror/Examples/MultipleMatches/Prefabs/PlayerGUI.prefab using Guid(504f86497324bc040be44f6f88b6cc73) Importer(815301076,1909f56bfc062723c751e8b465ee728b)  -> (artifact id: 'ed0c00edf68fe6d084076b63fed7adb1') in 0.010549 seconds 
  Import took 0.014341 seconds .

========================================================================
Received Import Request.
  Time since last request: 0.000152 seconds.
  path: Assets/Mirror/Examples/AdditiveScenes/Prefabs/Capsule.prefab
  artifactKey: Guid(e1971f4a8c7661546bc509b44bd91b80) Importer(815301076,1909f56bfc062723c751e8b465ee728b)
Start importing Assets/Mirror/Examples/AdditiveScenes/Prefabs/Capsule.prefab using Guid(e1971f4a8c7661546bc509b44bd91b80) Importer(815301076,1909f56bfc062723c751e8b465ee728b)  -> (artifact id: '0e2518ad9298223aae67e7f01a55156f') in 0.017618 seconds 
  Import took 0.025559 seconds .

========================================================================
Received Import Request.
  Time since last request: 0.000273 seconds.
  path: Assets/Mirror/Examples/MultipleMatches/Prefabs/MatchController.prefab
  artifactKey: Guid(e101d385946c91b4c81f318efc723a88) Importer(815301076,1909f56bfc062723c751e8b465ee728b)
Start importing Assets/Mirror/Examples/MultipleMatches/Prefabs/MatchController.prefab using Guid(e101d385946c91b4c81f318efc723a88) Importer(815301076,1909f56bfc062723c751e8b465ee728b)  -> (artifact id: '2fff93bb214c8750c01dcb12de7e8828') in 0.029439 seconds 
  Import took 0.032428 seconds .

========================================================================
Received Import Request.
  Time since last request: 0.000189 seconds.
  path: Assets/Mirror/Examples/Pong/Prefabs/Racket.prefab
  artifactKey: Guid(b1651eaf8c7564a1c86031dfbb8a7b28) Importer(815301076,1909f56bfc062723c751e8b465ee728b)
Start importing Assets/Mirror/Examples/Pong/Prefabs/Racket.prefab using Guid(b1651eaf8c7564a1c86031dfbb8a7b28) Importer(815301076,1909f56bfc062723c751e8b465ee728b)  -> (artifact id: '35b53feb4b3ff5053720066214b0c166') in 0.015973 seconds 
  Import took 0.019523 seconds .

========================================================================
Received Import Request.
  Time since last request: 0.000205 seconds.
  path: Assets/Mirror/Examples/RigidbodyPhysics/Prefabs/Empty Player.prefab
  artifactKey: Guid(4ab0a427bdc13244499c6e044ad7eb40) Importer(815301076,1909f56bfc062723c751e8b465ee728b)
Start importing Assets/Mirror/Examples/RigidbodyPhysics/Prefabs/Empty Player.prefab using Guid(4ab0a427bdc13244499c6e044ad7eb40) Importer(815301076,1909f56bfc062723c751e8b465ee728b)  -> (artifact id: '29c11127ce2b05f9058e6eab7714b3cc') in 0.009190 seconds 
  Import took 0.012417 seconds .

========================================================================
Received Import Request.
  Time since last request: 0.000301 seconds.
  path: Assets/Mirror/Examples/AdditiveScenes/Prefabs/Player.prefab
  artifactKey: Guid(a5bdca0a2315d43499be7dcef473fbc7) Importer(815301076,1909f56bfc062723c751e8b465ee728b)
Start importing Assets/Mirror/Examples/AdditiveScenes/Prefabs/Player.prefab using Guid(a5bdca0a2315d43499be7dcef473fbc7) Importer(815301076,1909f56bfc062723c751e8b465ee728b)  -> (artifact id: '68f27d1da3e5b674139de4a5dd66083c') in 0.015512 seconds 
  Import took 0.018831 seconds .

========================================================================
Received Import Request.
  Time since last request: 0.000157 seconds.
  path: Assets/Mirror/Examples/MultipleAdditiveScenes/Prefabs/Icosphere.prefab
  artifactKey: Guid(a104de86221e66a48832c222471d4f1e) Importer(815301076,1909f56bfc062723c751e8b465ee728b)
Start importing Assets/Mirror/Examples/MultipleAdditiveScenes/Prefabs/Icosphere.prefab using Guid(a104de86221e66a48832c222471d4f1e) Importer(815301076,1909f56bfc062723c751e8b465ee728b)  -> (artifact id: 'af7bfbb72ee938459d77bc889349747d') in 0.017866 seconds 
  Import took 0.021842 seconds .

========================================================================
Received Import Request.
  Time since last request: 0.000176 seconds.
  path: Assets/Mirror/Examples/Tanks/Prefabs/Projectile.prefab
  artifactKey: Guid(b7dd46dbf38c643f09e206f9fa4be008) Importer(815301076,1909f56bfc062723c751e8b465ee728b)
Start importing Assets/Mirror/Examples/Tanks/Prefabs/Projectile.prefab using Guid(b7dd46dbf38c643f09e206f9fa4be008) Importer(815301076,1909f56bfc062723c751e8b465ee728b)  -> (artifact id: '6114296cfdc5183c93bca14daf489de8') in 0.015455 seconds 
  Import took 0.018764 seconds .

========================================================================
Received Import Request.
  Time since last request: 0.000438 seconds.
  path: Assets/Mirror/Examples/Room/Prefabs/RoomPlayer.prefab
  artifactKey: Guid(deae2134a1d77704b9c595efe69767dd) Importer(815301076,1909f56bfc062723c751e8b465ee728b)
Start importing Assets/Mirror/Examples/Room/Prefabs/RoomPlayer.prefab using Guid(deae2134a1d77704b9c595efe69767dd) Importer(815301076,1909f56bfc062723c751e8b465ee728b)  -> (artifact id: 'c2ef18f69dec911cfd53e9976f1752b3') in 0.010394 seconds 
  Import took 0.015357 seconds .

========================================================================
Received Import Request.
  Time since last request: 0.000134 seconds.
  path: Assets/Mirror/Examples/MultipleMatches/Prefabs/MatchPlayer.prefab
  artifactKey: Guid(11d2414f1e120a14c98cba6866e5348f) Importer(815301076,1909f56bfc062723c751e8b465ee728b)
Start importing Assets/Mirror/Examples/MultipleMatches/Prefabs/MatchPlayer.prefab using Guid(11d2414f1e120a14c98cba6866e5348f) Importer(815301076,1909f56bfc062723c751e8b465ee728b)  -> (artifact id: 'c814a0dde315d74305e0a840b8b7921f') in 0.010832 seconds 
  Import took 0.013828 seconds .

========================================================================
Received Import Request.
  Time since last request: 0.000180 seconds.
  path: Assets/Mirror/Examples/Room/Prefabs/GamePlayer.prefab
  artifactKey: Guid(21daf89214c6ee443ad6875b73083c60) Importer(815301076,1909f56bfc062723c751e8b465ee728b)
Start importing Assets/Mirror/Examples/Room/Prefabs/GamePlayer.prefab using Guid(21daf89214c6ee443ad6875b73083c60) Importer(815301076,1909f56bfc062723c751e8b465ee728b)  -> (artifact id: 'a2f494e3b6991ecfb3c32c689e721560') in 0.018957 seconds 
  Import took 0.022006 seconds .

========================================================================
Received Import Request.
  Time since last request: 0.000177 seconds.
  path: Assets/Mirror/Examples/Chat/Prefabs/Player.prefab
  artifactKey: Guid(e5905ffa27de84009b346b49d518ba03) Importer(815301076,1909f56bfc062723c751e8b465ee728b)
Start importing Assets/Mirror/Examples/Chat/Prefabs/Player.prefab using Guid(e5905ffa27de84009b346b49d518ba03) Importer(815301076,1909f56bfc062723c751e8b465ee728b)  -> (artifact id: '6e7fbd156f70fedf62693dc0fb25e53a') in 0.007851 seconds 
  Import took 0.010566 seconds .

========================================================================
Received Import Request.
  Time since last request: 0.000176 seconds.
  path: Assets/Mirror/Examples/AdditiveScenes/Prefabs/Cylinder.prefab
  artifactKey: Guid(12a4c14e672c00b4b840f937d824b890) Importer(815301076,1909f56bfc062723c751e8b465ee728b)
Start importing Assets/Mirror/Examples/AdditiveScenes/Prefabs/Cylinder.prefab using Guid(12a4c14e672c00b4b840f937d824b890) Importer(815301076,1909f56bfc062723c751e8b465ee728b)  -> (artifact id: '0d8172c6216f319ba82e8def1fd052b6') in 0.029151 seconds 
  Import took 0.032358 seconds .

========================================================================
Received Import Request.
  Time since last request: 0.000173 seconds.
  path: Assets/Mirror/Examples/AdditiveScenes/Prefabs/Tank.prefab
  artifactKey: Guid(ab222ed73ada1ac4ba2f61e843d7627c) Importer(815301076,1909f56bfc062723c751e8b465ee728b)
Start importing Assets/Mirror/Examples/AdditiveScenes/Prefabs/Tank.prefab using Guid(ab222ed73ada1ac4ba2f61e843d7627c) Importer(815301076,1909f56bfc062723c751e8b465ee728b)  -> (artifact id: '1b0fe02e8d357e654e48bd8cbb3c9e41') in 0.089852 seconds 
  Import took 0.092846 seconds .

========================================================================
Received Import Request.
  Time since last request: 0.000160 seconds.
  path: Assets/Mirror/Examples/Room/Prefabs/Prize.prefab
  artifactKey: Guid(52f1c9ea06cfd154cb68ff9d1b66fc13) Importer(815301076,1909f56bfc062723c751e8b465ee728b)
Start importing Assets/Mirror/Examples/Room/Prefabs/Prize.prefab using Guid(52f1c9ea06cfd154cb68ff9d1b66fc13) Importer(815301076,1909f56bfc062723c751e8b465ee728b)  -> (artifact id: 'ec57f1ee870532fb5dd529500b119c50') in 0.012641 seconds 
  Import took 0.015467 seconds .

========================================================================
Received Import Request.
  Time since last request: 0.000149 seconds.
  path: Assets/Prefab/Player.prefab
  artifactKey: Guid(40429e2cbd8cf2d41a86f9653d0bded8) Importer(815301076,1909f56bfc062723c751e8b465ee728b)
Start importing Assets/Prefab/Player.prefab using Guid(40429e2cbd8cf2d41a86f9653d0bded8) Importer(815301076,1909f56bfc062723c751e8b465ee728b)  -> (artifact id: 'd1bc8d3aee7327f3166c4ae9247d97ea') in 0.016482 seconds 
  Import took 0.021246 seconds .

========================================================================
Received Import Request.
  Time since last request: 0.000172 seconds.
  path: Assets/Mirror/Examples/Basic/Prefabs/PlayerUI.prefab
  artifactKey: Guid(22f1fa3a0aff72b46a371f667bb4fb30) Importer(815301076,1909f56bfc062723c751e8b465ee728b)
Start importing Assets/Mirror/Examples/Basic/Prefabs/PlayerUI.prefab using Guid(22f1fa3a0aff72b46a371f667bb4fb30) Importer(815301076,1909f56bfc062723c751e8b465ee728b)  -> (artifact id: '9feab2d39ab9f4a11a00dcabea87231c') in 0.009811 seconds 
  Import took 0.013030 seconds .

========================================================================
Received Import Request.
  Time since last request: 0.000269 seconds.
  path: Assets/Mirror/Examples/Basic/Prefabs/Player.prefab
  artifactKey: Guid(dc2c4328591bef748abb8df795c17202) Importer(815301076,1909f56bfc062723c751e8b465ee728b)
Start importing Assets/Mirror/Examples/Basic/Prefabs/Player.prefab using Guid(dc2c4328591bef748abb8df795c17202) Importer(815301076,1909f56bfc062723c751e8b465ee728b)  -> (artifact id: '23163839cc412a4cd85370da30123989') in 0.008728 seconds 
  Import took 0.012362 seconds .

========================================================================
Received Import Request.
  Time since last request: 0.000154 seconds.
  path: Assets/Mirror/Examples/MultipleMatches/Prefabs/CellGUI.prefab
  artifactKey: Guid(5ab8c221183f0094eb04b7f6eb569e7b) Importer(815301076,1909f56bfc062723c751e8b465ee728b)
Start importing Assets/Mirror/Examples/MultipleMatches/Prefabs/CellGUI.prefab using Guid(5ab8c221183f0094eb04b7f6eb569e7b) Importer(815301076,1909f56bfc062723c751e8b465ee728b)  -> (artifact id: 'cece154fcf9dc8e18d29b2c108132458') in 0.009854 seconds 
  Import took 0.012870 seconds .

========================================================================
Received Import Request.
  Time since last request: 0.000159 seconds.
  path: Assets/Mirror/Examples/AdditiveScenes/Prefabs/Cube.prefab
  artifactKey: Guid(4ff300cf6bb3c6342a9552c4f18788c8) Importer(815301076,1909f56bfc062723c751e8b465ee728b)
Start importing Assets/Mirror/Examples/AdditiveScenes/Prefabs/Cube.prefab using Guid(4ff300cf6bb3c6342a9552c4f18788c8) Importer(815301076,1909f56bfc062723c751e8b465ee728b)  -> (artifact id: '68d77627824e1ddf0213a38742a9cdb1') in 0.029314 seconds 
  Import took 0.032153 seconds .

========================================================================
Received Import Request.
  Time since last request: 0.000170 seconds.
  path: Assets/Mirror/Examples/Benchmark/Prefabs/Monster.prefab
  artifactKey: Guid(30b8f251d03d84284b70601e691d474f) Importer(815301076,1909f56bfc062723c751e8b465ee728b)
Start importing Assets/Mirror/Examples/Benchmark/Prefabs/Monster.prefab using Guid(30b8f251d03d84284b70601e691d474f) Importer(815301076,1909f56bfc062723c751e8b465ee728b)  -> (artifact id: '64a957a48cdaaa99d5643a8b543e4293') in 0.049302 seconds 
  Import took 0.052295 seconds .

========================================================================
Received Import Request.
  Time since last request: 0.000213 seconds.
  path: Assets/Prefab/BulletPrefab.prefab
  artifactKey: Guid(550ba4e8a0e276b42b5e735458464427) Importer(815301076,1909f56bfc062723c751e8b465ee728b)
Start importing Assets/Prefab/BulletPrefab.prefab using Guid(550ba4e8a0e276b42b5e735458464427) Importer(815301076,1909f56bfc062723c751e8b465ee728b)  -> (artifact id: '3f98942c1738eb96c64a362af6b104ad') in 0.024241 seconds 
  Import took 0.027782 seconds .

========================================================================
Received Import Request.
  Time since last request: 0.000272 seconds.
  path: Assets/Mirror/Examples/AdditiveScenes/Prefabs/Sphere.prefab
  artifactKey: Guid(f6d08eb9a8e35d84fa30a7e3ae64181a) Importer(815301076,1909f56bfc062723c751e8b465ee728b)
Start importing Assets/Mirror/Examples/AdditiveScenes/Prefabs/Sphere.prefab using Guid(f6d08eb9a8e35d84fa30a7e3ae64181a) Importer(815301076,1909f56bfc062723c751e8b465ee728b)  -> (artifact id: 'fca52197d1e4d897bc8107ca76934d81') in 0.016586 seconds 
  Import took 0.020639 seconds .

========================================================================
Received Import Request.
  Time since last request: 0.000166 seconds.
  path: Assets/Mirror/Examples/Tanks/Prefabs/Tank.prefab
  artifactKey: Guid(6f43bf5488a7443d19ab2a83c6b91f35) Importer(815301076,1909f56bfc062723c751e8b465ee728b)
Start importing Assets/Mirror/Examples/Tanks/Prefabs/Tank.prefab using Guid(6f43bf5488a7443d19ab2a83c6b91f35) Importer(815301076,1909f56bfc062723c751e8b465ee728b)  -> (artifact id: '3efa24371ce48e250f36e66092997c5f') in 0.022843 seconds 
  Import took 0.026077 seconds .

========================================================================
Received Import Request.
  Time since last request: 0.000165 seconds.
  path: Assets/Prefab/CapPlayer.prefab
  artifactKey: Guid(60d898015bf421b4e88e0017fc971eb9) Importer(815301076,1909f56bfc062723c751e8b465ee728b)
Start importing Assets/Prefab/CapPlayer.prefab using Guid(60d898015bf421b4e88e0017fc971eb9) Importer(815301076,1909f56bfc062723c751e8b465ee728b)  -> (artifact id: '493b6a334d7be5be25ef43d8692dd234') in 0.018795 seconds 
  Import took 0.023400 seconds .

========================================================================
Received Import Request.
  Time since last request: 0.000165 seconds.
  path: Assets/Mirror/Examples/Benchmark/Prefabs/Player.prefab
  artifactKey: Guid(e1299008405d14b17b1ca459a6cd44a2) Importer(815301076,1909f56bfc062723c751e8b465ee728b)
Start importing Assets/Mirror/Examples/Benchmark/Prefabs/Player.prefab using Guid(e1299008405d14b17b1ca459a6cd44a2) Importer(815301076,1909f56bfc062723c751e8b465ee728b)  -> (artifact id: '60b915df236bceaba4cad0055facfd63') in 0.018056 seconds 
  Import took 0.021519 seconds .

========================================================================
Received Import Request.
  Time since last request: 0.000151 seconds.
  path: Assets/Mirror/Examples/Discovery/Prefabs/Player.prefab
  artifactKey: Guid(ecd52c53a6ef7496693343d3e32dace1) Importer(815301076,1909f56bfc062723c751e8b465ee728b)
Start importing Assets/Mirror/Examples/Discovery/Prefabs/Player.prefab using Guid(ecd52c53a6ef7496693343d3e32dace1) Importer(815301076,1909f56bfc062723c751e8b465ee728b)  -> (artifact id: '33b5b75915e1b1b0ecba6274a5a57218') in 0.018613 seconds 
  Import took 0.021711 seconds .

========================================================================
Received Import Request.
  Time since last request: 0.003770 seconds.
  path: Assets/Mirror/Examples/Discovery/Prefabs/Player.prefab
  artifactKey: Guid(ecd52c53a6ef7496693343d3e32dace1) Importer(815301076,1909f56bfc062723c751e8b465ee728b)
Start importing Assets/Mirror/Examples/Discovery/Prefabs/Player.prefab using Guid(ecd52c53a6ef7496693343d3e32dace1) Importer(815301076,1909f56bfc062723c751e8b465ee728b)  -> (artifact id: '33b5b75915e1b1b0ecba6274a5a57218') in 0.012417 seconds 
  Import took 0.016275 seconds .

========================================================================
Received Import Request.
  Time since last request: 511.317207 seconds.
  path: Assets/Scenes
  artifactKey: Guid(df853cb8b1095724faa1fca7b3b017d0) Importer(815301076,1909f56bfc062723c751e8b465ee728b)
Start importing Assets/Scenes using Guid(df853cb8b1095724faa1fca7b3b017d0) Importer(815301076,1909f56bfc062723c751e8b465ee728b)  -> (artifact id: 'c2b8f5744a8476366a1b98b38984cc69') in 0.011772 seconds 
  Import took 0.015157 seconds .

========================================================================
Received Import Request.
  Time since last request: 11.553297 seconds.
  path: Assets/Scenes/Lobby.unity
  artifactKey: Guid(493d777a5f6ea0e498ee3c5d1dd519d0) Importer(815301076,1909f56bfc062723c751e8b465ee728b)
Start importing Assets/Scenes/Lobby.unity using Guid(493d777a5f6ea0e498ee3c5d1dd519d0) Importer(815301076,1909f56bfc062723c751e8b465ee728b)  -> (artifact id: '58f337186f08dc4d7ec5bd400d6570e3') in 0.009142 seconds 
  Import took 0.011857 seconds .

========================================================================
Received Import Request.
  Time since last request: 10.239220 seconds.
  path: Assets/Scenes/MainGame.unity
  artifactKey: Guid(9fc0d4010bbf28b4594072e72b8655ab) Importer(815301076,1909f56bfc062723c751e8b465ee728b)
Start importing Assets/Scenes/MainGame.unity using Guid(9fc0d4010bbf28b4594072e72b8655ab) Importer(815301076,1909f56bfc062723c751e8b465ee728b)  -> (artifact id: '7b8ef2831514f5db97456a81eb0252d7') in 0.009405 seconds 
  Import took 0.012648 seconds .

========================================================================
Received Import Request.
  Time since last request: 95.479385 seconds.
  path: Assets/Scenes/MainMenu.unity
  artifactKey: Guid(8bd65e90a5cda50469ab66dccc0446d0) Importer(815301076,1909f56bfc062723c751e8b465ee728b)
Start importing Assets/Scenes/MainMenu.unity using Guid(8bd65e90a5cda50469ab66dccc0446d0) Importer(815301076,1909f56bfc062723c751e8b465ee728b)  -> (artifact id: '5cebc189ee052c3d0eaa7cd9bfac4b1f') in 0.004581 seconds 
  Import took 0.010020 seconds .

========================================================================
Received Import Request.
  Time since last request: 305.374735 seconds.
  path: Assets/Scripts/MPStartMenu.cs
  artifactKey: Guid(7d1a648c3a72270478bc4011b2f414d6) Importer(815301076,1909f56bfc062723c751e8b465ee728b)
Start importing Assets/Scripts/MPStartMenu.cs using Guid(7d1a648c3a72270478bc4011b2f414d6) Importer(815301076,1909f56bfc062723c751e8b465ee728b)  -> (artifact id: 'e7bf49d4d225870b3be1e188df458597') in 0.020081 seconds 
  Import took 0.023907 seconds .

========================================================================
Received Import Request.
  Time since last request: 0.000329 seconds.
  path: Assets/Scripts/MPStartMenu.cs
  artifactKey: Guid(7d1a648c3a72270478bc4011b2f414d6) Importer(815301076,1909f56bfc062723c751e8b465ee728b)
Start importing Assets/Scripts/MPStartMenu.cs using Guid(7d1a648c3a72270478bc4011b2f414d6) Importer(815301076,1909f56bfc062723c751e8b465ee728b)  -> (artifact id: 'e7bf49d4d225870b3be1e188df458597') in 0.004171 seconds 
  Import took 0.008150 seconds .

========================================================================
Received Import Request.
  Time since last request: 200.663247 seconds.
  path: Assets/Mirror/Examples/Pong/Sprites/Ball.png
  artifactKey: Guid(4b66f21097323d44ab40669b2fb9c53d) Importer(815301076,1909f56bfc062723c751e8b465ee728b)
Start importing Assets/Mirror/Examples/Pong/Sprites/Ball.png using Guid(4b66f21097323d44ab40669b2fb9c53d) Importer(815301076,1909f56bfc062723c751e8b465ee728b)  -> (artifact id: '4014b20dfb441b9044eb8f5b731fc3d4') in 0.061504 seconds 
  Import took 0.065414 seconds .

========================================================================
Received Import Request.
  Time since last request: 0.000175 seconds.
  path: Assets/Mirror/Examples/Tanks/Models/(Public Domain) Recon_Tank/BaseColor.png
  artifactKey: Guid(ce00d67f9368944fa8ef4de6ccc77bfa) Importer(815301076,1909f56bfc062723c751e8b465ee728b)
Start importing Assets/Mirror/Examples/Tanks/Models/(Public Domain) Recon_Tank/BaseColor.png using Guid(ce00d67f9368944fa8ef4de6ccc77bfa) Importer(815301076,1909f56bfc062723c751e8b465ee728b)  -> (artifact id: 'a04b7568b4e9dacdbb97d327932c4c5e') in 0.043818 seconds 
  Import took 0.046814 seconds .

========================================================================
Received Import Request.
  Time since last request: 0.000189 seconds.
  path: Assets/Mirror/Examples/Pong/PhysicsMaterials/BallMaterial.physicsMaterial2D
  artifactKey: Guid(97a3e4cddb8635c4eba1265f44d106bf) Importer(815301076,1909f56bfc062723c751e8b465ee728b)
Start importing Assets/Mirror/Examples/Pong/PhysicsMaterials/BallMaterial.physicsMaterial2D using Guid(97a3e4cddb8635c4eba1265f44d106bf) Importer(815301076,1909f56bfc062723c751e8b465ee728b)  -> (artifact id: 'd7dfe775276a3f49eb460536e1ac356c') in 0.013586 seconds 
  Import took 0.016539 seconds .

========================================================================
Received Import Request.
  Time since last request: 0.000217 seconds.
  path: Assets/Mirror/Examples/RigidbodyPhysics/PhysicMaterials/Ball.physicMaterial
  artifactKey: Guid(f2bb9a8ecc30457468aea7dacef6f5de) Importer(815301076,1909f56bfc062723c751e8b465ee728b)
Start importing Assets/Mirror/Examples/RigidbodyPhysics/PhysicMaterials/Ball.physicMaterial using Guid(f2bb9a8ecc30457468aea7dacef6f5de) Importer(815301076,1909f56bfc062723c751e8b465ee728b)  -> (artifact id: '61bc4cdcdba8a7325950ea6f2f0ed5b4') in 0.007150 seconds 
  Import took 0.010661 seconds .

========================================================================
Received Import Request.
  Time since last request: 0.000236 seconds.
  path: Assets/Mirror/Examples/Pong/Sprites/Ball.png
  artifactKey: Guid(4b66f21097323d44ab40669b2fb9c53d) Importer(815301076,1909f56bfc062723c751e8b465ee728b)
Start importing Assets/Mirror/Examples/Pong/Sprites/Ball.png using Guid(4b66f21097323d44ab40669b2fb9c53d) Importer(815301076,1909f56bfc062723c751e8b465ee728b)  -> (artifact id: '4014b20dfb441b9044eb8f5b731fc3d4') in 0.017840 seconds 
  Import took 0.021051 seconds .

========================================================================
Received Import Request.
  Time since last request: 0.000190 seconds.
  path: Assets/Mirror/Examples/Pong/PhysicsMaterials/BallMaterial.physicsMaterial2D
  artifactKey: Guid(97a3e4cddb8635c4eba1265f44d106bf) Importer(815301076,1909f56bfc062723c751e8b465ee728b)
Start importing Assets/Mirror/Examples/Pong/PhysicsMaterials/BallMaterial.physicsMaterial2D using Guid(97a3e4cddb8635c4eba1265f44d106bf) Importer(815301076,1909f56bfc062723c751e8b465ee728b)  -> (artifact id: 'd7dfe775276a3f49eb460536e1ac356c') in 0.005491 seconds 
  Import took 0.008559 seconds .

========================================================================
Received Import Request.
  Time since last request: 48.785054 seconds.
  path: Assets/Scenes/MainGame.unity
  artifactKey: Guid(9fc0d4010bbf28b4594072e72b8655ab) Importer(815301076,1909f56bfc062723c751e8b465ee728b)
Start importing Assets/Scenes/MainGame.unity using Guid(9fc0d4010bbf28b4594072e72b8655ab) Importer(815301076,1909f56bfc062723c751e8b465ee728b)  -> (artifact id: '25e9a7c10a39d54567a2eeb72869bc7f') in 0.005796 seconds 
  Import took 0.009184 seconds .

========================================================================
Received Import Request.
  Time since last request: 8.461449 seconds.
  path: Assets/Scenes/MainMenu.unity
  artifactKey: Guid(8bd65e90a5cda50469ab66dccc0446d0) Importer(815301076,1909f56bfc062723c751e8b465ee728b)
Start importing Assets/Scenes/MainMenu.unity using Guid(8bd65e90a5cda50469ab66dccc0446d0) Importer(815301076,1909f56bfc062723c751e8b465ee728b)  -> (artifact id: '8a8a0eb7a152effd30de8aae0d07290c') in 0.004979 seconds 
  Import took 0.007678 seconds .

========================================================================
Received Prepare
Registering precompiled user dll's ...
Registered in 0.010779 seconds.
Begin MonoManager ReloadAssembly
Native extension for WindowsStandalone target not found
Refreshing native plugins compatible for Editor in 0.57 ms, found 2 plugins.
Preloading 0 native plugins for Editor in 0.00 ms.
Mono: successfully reloaded assembly
- Completed reload, in  1.323 seconds
Domain Reload Profiling:
	ReloadAssembly (1323ms)
		BeginReloadAssembly (149ms)
			ExecutionOrderSort (0ms)
			DisableScriptedObjects (6ms)
			BackupInstance (0ms)
			ReleaseScriptingObjects (0ms)
			CreateAndSetChildDomain (50ms)
		EndReloadAssembly (1078ms)
			LoadAssemblies (136ms)
			RebuildTransferFunctionScriptingTraits (0ms)
			SetupTypeCache (342ms)
			ReleaseScriptCaches (1ms)
			RebuildScriptCaches (44ms)
			SetupLoadedEditorAssemblies (434ms)
				LogAssemblyErrors (0ms)
				InitializePlatformSupportModulesInManaged (7ms)
				SetLoadedEditorAssemblies (1ms)
				RefreshPlugins (1ms)
				BeforeProcessingInitializeOnLoad (68ms)
				ProcessInitializeOnLoadAttributes (337ms)
				ProcessInitializeOnLoadMethodAttributes (12ms)
				AfterProcessingInitializeOnLoad (8ms)
				EditorAssembliesLoaded (0ms)
			ExecutionOrderSort2 (0ms)
			AwakeInstancesAfterBackupRestoration (10ms)
Platform modules already initialized, skipping
Refreshing native plugins compatible for Editor in 0.43 ms, found 2 plugins.
Preloading 0 native plugins for Editor in 0.00 ms.
Unloading 1800 Unused Serialized files (Serialized files now loaded: 0)
System memory in use before: 96.0 MB.
System memory in use after: 96.1 MB.

Unloading 26 unused Assets to reduce memory usage. Loaded Objects now: 2292.
Total: 3.220700 ms (FindLiveObjects: 0.177600 ms CreateObjectMapping: 0.042500 ms MarkObjects: 2.942000 ms  DeleteObjects: 0.057100 ms)

AssetImportParameters requested are different than current active one (requested -> active):
  custom:framework-win-MediaFoundation: 216162199b28c13a410421893ffa2e32 -> 
  custom:video-decoder-ogg-theora: a1e56fd34408186e4bbccfd4996cb3dc -> 
  custom:container-muxer-webm: aa71ff27fc2769a1b78a27578f13a17b -> 
  custom:container-demuxer-webm: 4f35f7cbe854078d1ac9338744f61a02 -> 
  custom:container-demuxer-ogg: 62fdf1f143b41e24485cea50d1cbac27 -> 
  custom:video-encoder-webm-vp8: eb34c28f22e8b96e1ab97ce403110664 -> 
  custom:video-decoder-webm-vp8: 9c59270c3fd7afecdb556c50c9e8de78 -> 
  custom:audio-decoder-ogg-vorbis: bf7c407c2cedff20999df2af8eb42d56 -> 
  custom:audio-encoder-webm-vorbis: bf7c407c2cedff20999df2af8eb42d56 -> 
========================================================================
Received Import Request.
  Time since last request: 502.461553 seconds.
  path: Assets/Scenes/MainGame.unity
  artifactKey: Guid(9fc0d4010bbf28b4594072e72b8655ab) Importer(815301076,1909f56bfc062723c751e8b465ee728b)
Start importing Assets/Scenes/MainGame.unity using Guid(9fc0d4010bbf28b4594072e72b8655ab) Importer(815301076,1909f56bfc062723c751e8b465ee728b)  -> (artifact id: '0a808e6ecbce68d70062453c93fe815d') in 0.018138 seconds 
  Import took 0.021382 seconds .

========================================================================
Received Import Request.
  Time since last request: 34.575901 seconds.
  path: Assets/Scenes/MainMenu.unity
  artifactKey: Guid(8bd65e90a5cda50469ab66dccc0446d0) Importer(815301076,1909f56bfc062723c751e8b465ee728b)
Start importing Assets/Scenes/MainMenu.unity using Guid(8bd65e90a5cda50469ab66dccc0446d0) Importer(815301076,1909f56bfc062723c751e8b465ee728b)  -> (artifact id: '64ceb3d253ebca8ac65e86630d606801') in 0.005942 seconds 
  Import took 0.009170 seconds .

========================================================================
Received Import Request.
  Time since last request: 277.290197 seconds.
  path: Assets/Scripts
  artifactKey: Guid(976a1f53570afdd409ac4d3ff821b919) Importer(815301076,1909f56bfc062723c751e8b465ee728b)
Start importing Assets/Scripts using Guid(976a1f53570afdd409ac4d3ff821b919) Importer(815301076,1909f56bfc062723c751e8b465ee728b)  -> (artifact id: '185b08ef38653b2d97f2e2dd1f12f3fe') in 0.011449 seconds 
  Import took 0.014978 seconds .

========================================================================
Received Import Request.
  Time since last request: 21.856598 seconds.
  path: Assets/Scripts/MPTestStart.cs
  artifactKey: Guid(05e4cc6969c9a784bac7250350b0c755) Importer(815301076,1909f56bfc062723c751e8b465ee728b)
Start importing Assets/Scripts/MPTestStart.cs using Guid(05e4cc6969c9a784bac7250350b0c755) Importer(815301076,1909f56bfc062723c751e8b465ee728b)  -> (artifact id: '180193778363c8e487cf3f6620f12082') in 0.010692 seconds 
  Import took 0.014523 seconds .

========================================================================
Received Prepare
Registering precompiled user dll's ...
Registered in 0.010408 seconds.
Begin MonoManager ReloadAssembly
Native extension for WindowsStandalone target not found
Refreshing native plugins compatible for Editor in 0.54 ms, found 2 plugins.
Preloading 0 native plugins for Editor in 0.00 ms.
Mono: successfully reloaded assembly
- Completed reload, in  1.272 seconds
Domain Reload Profiling:
	ReloadAssembly (1273ms)
		BeginReloadAssembly (138ms)
			ExecutionOrderSort (0ms)
			DisableScriptedObjects (5ms)
			BackupInstance (0ms)
			ReleaseScriptingObjects (0ms)
			CreateAndSetChildDomain (47ms)
		EndReloadAssembly (1057ms)
			LoadAssemblies (109ms)
			RebuildTransferFunctionScriptingTraits (0ms)
			SetupTypeCache (347ms)
			ReleaseScriptCaches (1ms)
			RebuildScriptCaches (47ms)
			SetupLoadedEditorAssemblies (433ms)
				LogAssemblyErrors (0ms)
				InitializePlatformSupportModulesInManaged (6ms)
				SetLoadedEditorAssemblies (1ms)
				RefreshPlugins (1ms)
				BeforeProcessingInitializeOnLoad (67ms)
				ProcessInitializeOnLoadAttributes (338ms)
				ProcessInitializeOnLoadMethodAttributes (12ms)
				AfterProcessingInitializeOnLoad (9ms)
				EditorAssembliesLoaded (0ms)
			ExecutionOrderSort2 (0ms)
			AwakeInstancesAfterBackupRestoration (8ms)
Platform modules already initialized, skipping
Refreshing native plugins compatible for Editor in 0.45 ms, found 2 plugins.
Preloading 0 native plugins for Editor in 0.00 ms.
Unloading 1801 Unused Serialized files (Serialized files now loaded: 0)
System memory in use before: 96.1 MB.
System memory in use after: 96.2 MB.

Unloading 22 unused Assets to reduce memory usage. Loaded Objects now: 2295.
Total: 3.084800 ms (FindLiveObjects: 0.179100 ms CreateObjectMapping: 0.041800 ms MarkObjects: 2.842300 ms  DeleteObjects: 0.019800 ms)

AssetImportParameters requested are different than current active one (requested -> active):
  custom:framework-win-MediaFoundation: 216162199b28c13a410421893ffa2e32 -> 
  custom:video-decoder-ogg-theora: a1e56fd34408186e4bbccfd4996cb3dc -> 
  custom:container-muxer-webm: aa71ff27fc2769a1b78a27578f13a17b -> 
  custom:container-demuxer-webm: 4f35f7cbe854078d1ac9338744f61a02 -> 
  custom:container-demuxer-ogg: 62fdf1f143b41e24485cea50d1cbac27 -> 
  custom:video-encoder-webm-vp8: eb34c28f22e8b96e1ab97ce403110664 -> 
  custom:video-decoder-webm-vp8: 9c59270c3fd7afecdb556c50c9e8de78 -> 
  custom:audio-decoder-ogg-vorbis: bf7c407c2cedff20999df2af8eb42d56 -> 
  custom:audio-encoder-webm-vorbis: bf7c407c2cedff20999df2af8eb42d56 -> 
========================================================================
Received Import Request.
  Time since last request: 302.460216 seconds.
  path: Assets/Scripts/MPTestStart.cs
  artifactKey: Guid(05e4cc6969c9a784bac7250350b0c755) Importer(815301076,1909f56bfc062723c751e8b465ee728b)
Start importing Assets/Scripts/MPTestStart.cs using Guid(05e4cc6969c9a784bac7250350b0c755) Importer(815301076,1909f56bfc062723c751e8b465ee728b)  -> (artifact id: 'dd65ae8da571e3c064add498dc90d932') in 0.006491 seconds 
  Import took 0.009422 seconds .

========================================================================
Received Import Request.
  Time since last request: 665.298263 seconds.
  path: Assets/Scripts/MPTestStart.cs
  artifactKey: Guid(05e4cc6969c9a784bac7250350b0c755) Importer(815301076,1909f56bfc062723c751e8b465ee728b)
Start importing Assets/Scripts/MPTestStart.cs using Guid(05e4cc6969c9a784bac7250350b0c755) Importer(815301076,1909f56bfc062723c751e8b465ee728b)  -> (artifact id: 'eceff1a25ad1d566e8c21724d1dd9a34') in 0.004695 seconds 
  Import took 0.010909 seconds .

========================================================================
Received Import Request.
  Time since last request: 166.427416 seconds.
  path: Assets/Scripts/MPPlayerMovement.cs
  artifactKey: Guid(d3c4d10b2c6257c4ba956b5ab48ee5d2) Importer(815301076,1909f56bfc062723c751e8b465ee728b)
Start importing Assets/Scripts/MPPlayerMovement.cs using Guid(d3c4d10b2c6257c4ba956b5ab48ee5d2) Importer(815301076,1909f56bfc062723c751e8b465ee728b)  -> (artifact id: 'a5573c42e2af431e60f5bfacd9a152e1') in 0.010205 seconds 
  Import took 0.014122 seconds .

========================================================================
Received Import Request.
  Time since last request: 0.898236 seconds.
  path: Assets/Scripts/MPBulletSpawner.cs
  artifactKey: Guid(242eed6e73e46ea4e9a38e625ddb8951) Importer(815301076,1909f56bfc062723c751e8b465ee728b)
Start importing Assets/Scripts/MPBulletSpawner.cs using Guid(242eed6e73e46ea4e9a38e625ddb8951) Importer(815301076,1909f56bfc062723c751e8b465ee728b)  -> (artifact id: '1de19f7c019a5125bb56a6605ef214b7') in 0.012631 seconds 
  Import took 0.016062 seconds .

========================================================================
Received Import Request.
  Time since last request: 14.303359 seconds.
  path: Assets/Scripts/MPTestStart.cs
  artifactKey: Guid(05e4cc6969c9a784bac7250350b0c755) Importer(815301076,1909f56bfc062723c751e8b465ee728b)
Start importing Assets/Scripts/MPTestStart.cs using Guid(05e4cc6969c9a784bac7250350b0c755) Importer(815301076,1909f56bfc062723c751e8b465ee728b)  -> (artifact id: 'debab1449ef2c0d568aabc01f27b2fe9') in 0.003437 seconds 
  Import took 0.006669 seconds .

========================================================================
Received Prepare
Registering precompiled user dll's ...
Registered in 0.009494 seconds.
Begin MonoManager ReloadAssembly
Native extension for WindowsStandalone target not found
Refreshing native plugins compatible for Editor in 0.44 ms, found 2 plugins.
Preloading 0 native plugins for Editor in 0.00 ms.
Mono: successfully reloaded assembly
- Completed reload, in  1.255 seconds
Domain Reload Profiling:
	ReloadAssembly (1256ms)
		BeginReloadAssembly (126ms)
			ExecutionOrderSort (0ms)
			DisableScriptedObjects (5ms)
			BackupInstance (0ms)
			ReleaseScriptingObjects (0ms)
			CreateAndSetChildDomain (32ms)
		EndReloadAssembly (1053ms)
			LoadAssemblies (112ms)
			RebuildTransferFunctionScriptingTraits (0ms)
			SetupTypeCache (339ms)
			ReleaseScriptCaches (1ms)
			RebuildScriptCaches (43ms)
			SetupLoadedEditorAssemblies (434ms)
				LogAssemblyErrors (0ms)
				InitializePlatformSupportModulesInManaged (6ms)
				SetLoadedEditorAssemblies (0ms)
				RefreshPlugins (1ms)
				BeforeProcessingInitializeOnLoad (71ms)
				ProcessInitializeOnLoadAttributes (334ms)
				ProcessInitializeOnLoadMethodAttributes (13ms)
				AfterProcessingInitializeOnLoad (10ms)
				EditorAssembliesLoaded (0ms)
			ExecutionOrderSort2 (0ms)
			AwakeInstancesAfterBackupRestoration (9ms)
Platform modules already initialized, skipping
Refreshing native plugins compatible for Editor in 0.45 ms, found 2 plugins.
Preloading 0 native plugins for Editor in 0.00 ms.
Unloading 1801 Unused Serialized files (Serialized files now loaded: 0)
System memory in use before: 96.1 MB.
System memory in use after: 96.2 MB.

Unloading 22 unused Assets to reduce memory usage. Loaded Objects now: 2297.
Total: 3.024400 ms (FindLiveObjects: 0.174400 ms CreateObjectMapping: 0.041100 ms MarkObjects: 2.785200 ms  DeleteObjects: 0.022100 ms)

AssetImportParameters requested are different than current active one (requested -> active):
  custom:framework-win-MediaFoundation: 216162199b28c13a410421893ffa2e32 -> 
  custom:video-decoder-ogg-theora: a1e56fd34408186e4bbccfd4996cb3dc -> 
  custom:container-muxer-webm: aa71ff27fc2769a1b78a27578f13a17b -> 
  custom:container-demuxer-webm: 4f35f7cbe854078d1ac9338744f61a02 -> 
  custom:container-demuxer-ogg: 62fdf1f143b41e24485cea50d1cbac27 -> 
  custom:video-encoder-webm-vp8: eb34c28f22e8b96e1ab97ce403110664 -> 
  custom:video-decoder-webm-vp8: 9c59270c3fd7afecdb556c50c9e8de78 -> 
  custom:audio-decoder-ogg-vorbis: bf7c407c2cedff20999df2af8eb42d56 -> 
  custom:audio-encoder-webm-vorbis: bf7c407c2cedff20999df2af8eb42d56 -> 
========================================================================
Received Import Request.
  Time since last request: 194.592349 seconds.
  path: Assets/Scripts/MPTestStart.cs
  artifactKey: Guid(05e4cc6969c9a784bac7250350b0c755) Importer(815301076,1909f56bfc062723c751e8b465ee728b)
Start importing Assets/Scripts/MPTestStart.cs using Guid(05e4cc6969c9a784bac7250350b0c755) Importer(815301076,1909f56bfc062723c751e8b465ee728b)  -> (artifact id: '3e9eab96b08915aeed45ea4c99fac31b') in 0.005626 seconds 
  Import took 0.008601 seconds .

========================================================================
Received Prepare
Registering precompiled user dll's ...
Registered in 0.011000 seconds.
Begin MonoManager ReloadAssembly
Native extension for WindowsStandalone target not found
Refreshing native plugins compatible for Editor in 0.52 ms, found 2 plugins.
Preloading 0 native plugins for Editor in 0.00 ms.
Mono: successfully reloaded assembly
- Completed reload, in  1.537 seconds
Domain Reload Profiling:
	ReloadAssembly (1537ms)
		BeginReloadAssembly (159ms)
			ExecutionOrderSort (0ms)
			DisableScriptedObjects (5ms)
			BackupInstance (0ms)
			ReleaseScriptingObjects (0ms)
			CreateAndSetChildDomain (33ms)
		EndReloadAssembly (1277ms)
			LoadAssemblies (146ms)
			RebuildTransferFunctionScriptingTraits (0ms)
			SetupTypeCache (464ms)
			ReleaseScriptCaches (1ms)
			RebuildScriptCaches (71ms)
			SetupLoadedEditorAssemblies (467ms)
				LogAssemblyErrors (0ms)
				InitializePlatformSupportModulesInManaged (9ms)
				SetLoadedEditorAssemblies (1ms)
				RefreshPlugins (1ms)
				BeforeProcessingInitializeOnLoad (82ms)
				ProcessInitializeOnLoadAttributes (351ms)
				ProcessInitializeOnLoadMethodAttributes (15ms)
				AfterProcessingInitializeOnLoad (8ms)
				EditorAssembliesLoaded (0ms)
			ExecutionOrderSort2 (0ms)
			AwakeInstancesAfterBackupRestoration (8ms)
Platform modules already initialized, skipping
Refreshing native plugins compatible for Editor in 0.43 ms, found 2 plugins.
Preloading 0 native plugins for Editor in 0.00 ms.
Unloading 1801 Unused Serialized files (Serialized files now loaded: 0)
System memory in use before: 96.1 MB.
System memory in use after: 96.2 MB.

Unloading 22 unused Assets to reduce memory usage. Loaded Objects now: 2299.
Total: 3.605600 ms (FindLiveObjects: 0.202100 ms CreateObjectMapping: 0.054100 ms MarkObjects: 3.327400 ms  DeleteObjects: 0.020500 ms)

AssetImportParameters requested are different than current active one (requested -> active):
  custom:framework-win-MediaFoundation: 216162199b28c13a410421893ffa2e32 -> 
  custom:video-decoder-ogg-theora: a1e56fd34408186e4bbccfd4996cb3dc -> 
  custom:container-muxer-webm: aa71ff27fc2769a1b78a27578f13a17b -> 
  custom:container-demuxer-webm: 4f35f7cbe854078d1ac9338744f61a02 -> 
  custom:container-demuxer-ogg: 62fdf1f143b41e24485cea50d1cbac27 -> 
  custom:video-encoder-webm-vp8: eb34c28f22e8b96e1ab97ce403110664 -> 
  custom:video-decoder-webm-vp8: 9c59270c3fd7afecdb556c50c9e8de78 -> 
  custom:audio-decoder-ogg-vorbis: bf7c407c2cedff20999df2af8eb42d56 -> 
  custom:audio-encoder-webm-vorbis: bf7c407c2cedff20999df2af8eb42d56 -> 
========================================================================
Received Prepare
Registering precompiled user dll's ...
Registered in 0.008764 seconds.
Begin MonoManager ReloadAssembly
Native extension for WindowsStandalone target not found
Refreshing native plugins compatible for Editor in 0.49 ms, found 2 plugins.
Preloading 0 native plugins for Editor in 0.00 ms.
Mono: successfully reloaded assembly
- Completed reload, in  1.259 seconds
Domain Reload Profiling:
	ReloadAssembly (1259ms)
		BeginReloadAssembly (139ms)
			ExecutionOrderSort (0ms)
			DisableScriptedObjects (5ms)
			BackupInstance (0ms)
			ReleaseScriptingObjects (0ms)
			CreateAndSetChildDomain (33ms)
		EndReloadAssembly (1043ms)
			LoadAssemblies (110ms)
			RebuildTransferFunctionScriptingTraits (0ms)
			SetupTypeCache (339ms)
			ReleaseScriptCaches (1ms)
			RebuildScriptCaches (45ms)
			SetupLoadedEditorAssemblies (427ms)
				LogAssemblyErrors (0ms)
				InitializePlatformSupportModulesInManaged (5ms)
				SetLoadedEditorAssemblies (1ms)
				RefreshPlugins (1ms)
				BeforeProcessingInitializeOnLoad (70ms)
				ProcessInitializeOnLoadAttributes (329ms)
				ProcessInitializeOnLoadMethodAttributes (11ms)
				AfterProcessingInitializeOnLoad (9ms)
				EditorAssembliesLoaded (0ms)
			ExecutionOrderSort2 (0ms)
			AwakeInstancesAfterBackupRestoration (8ms)
Platform modules already initialized, skipping
Refreshing native plugins compatible for Editor in 0.44 ms, found 2 plugins.
Preloading 0 native plugins for Editor in 0.00 ms.
Unloading 1801 Unused Serialized files (Serialized files now loaded: 0)
System memory in use before: 96.1 MB.
System memory in use after: 96.2 MB.

Unloading 22 unused Assets to reduce memory usage. Loaded Objects now: 2301.
Total: 3.684800 ms (FindLiveObjects: 0.175800 ms CreateObjectMapping: 0.041200 ms MarkObjects: 3.444300 ms  DeleteObjects: 0.022000 ms)

AssetImportParameters requested are different than current active one (requested -> active):
  custom:framework-win-MediaFoundation: 216162199b28c13a410421893ffa2e32 -> 
  custom:video-decoder-ogg-theora: a1e56fd34408186e4bbccfd4996cb3dc -> 
  custom:container-muxer-webm: aa71ff27fc2769a1b78a27578f13a17b -> 
  custom:container-demuxer-webm: 4f35f7cbe854078d1ac9338744f61a02 -> 
  custom:container-demuxer-ogg: 62fdf1f143b41e24485cea50d1cbac27 -> 
  custom:video-encoder-webm-vp8: eb34c28f22e8b96e1ab97ce403110664 -> 
  custom:video-decoder-webm-vp8: 9c59270c3fd7afecdb556c50c9e8de78 -> 
  custom:audio-decoder-ogg-vorbis: bf7c407c2cedff20999df2af8eb42d56 -> 
  custom:audio-encoder-webm-vorbis: bf7c407c2cedff20999df2af8eb42d56 -> 
========================================================================
Received Prepare
Registering precompiled user dll's ...
Registered in 0.024397 seconds.
Begin MonoManager ReloadAssembly
Native extension for WindowsStandalone target not found
Refreshing native plugins compatible for Editor in 0.43 ms, found 2 plugins.
Preloading 0 native plugins for Editor in 0.00 ms.
Mono: successfully reloaded assembly
- Completed reload, in  1.243 seconds
Domain Reload Profiling:
	ReloadAssembly (1244ms)
		BeginReloadAssembly (134ms)
			ExecutionOrderSort (0ms)
			DisableScriptedObjects (5ms)
			BackupInstance (0ms)
			ReleaseScriptingObjects (0ms)
			CreateAndSetChildDomain (31ms)
		EndReloadAssembly (1026ms)
			LoadAssemblies (117ms)
			RebuildTransferFunctionScriptingTraits (0ms)
			SetupTypeCache (323ms)
			ReleaseScriptCaches (1ms)
			RebuildScriptCaches (43ms)
			SetupLoadedEditorAssemblies (421ms)
				LogAssemblyErrors (0ms)
				InitializePlatformSupportModulesInManaged (5ms)
				SetLoadedEditorAssemblies (1ms)
				RefreshPlugins (1ms)
				BeforeProcessingInitializeOnLoad (66ms)
				ProcessInitializeOnLoadAttributes (328ms)
				ProcessInitializeOnLoadMethodAttributes (11ms)
				AfterProcessingInitializeOnLoad (9ms)
				EditorAssembliesLoaded (0ms)
			ExecutionOrderSort2 (0ms)
			AwakeInstancesAfterBackupRestoration (9ms)
Platform modules already initialized, skipping
Refreshing native plugins compatible for Editor in 0.50 ms, found 2 plugins.
Preloading 0 native plugins for Editor in 0.00 ms.
Unloading 1801 Unused Serialized files (Serialized files now loaded: 0)
System memory in use before: 96.1 MB.
System memory in use after: 96.2 MB.

Unloading 22 unused Assets to reduce memory usage. Loaded Objects now: 2303.
Total: 3.141500 ms (FindLiveObjects: 0.211200 ms CreateObjectMapping: 0.056500 ms MarkObjects: 2.849400 ms  DeleteObjects: 0.022800 ms)

AssetImportParameters requested are different than current active one (requested -> active):
  custom:framework-win-MediaFoundation: 216162199b28c13a410421893ffa2e32 -> 
  custom:video-decoder-ogg-theora: a1e56fd34408186e4bbccfd4996cb3dc -> 
  custom:container-muxer-webm: aa71ff27fc2769a1b78a27578f13a17b -> 
  custom:container-demuxer-webm: 4f35f7cbe854078d1ac9338744f61a02 -> 
  custom:container-demuxer-ogg: 62fdf1f143b41e24485cea50d1cbac27 -> 
  custom:video-encoder-webm-vp8: eb34c28f22e8b96e1ab97ce403110664 -> 
  custom:video-decoder-webm-vp8: 9c59270c3fd7afecdb556c50c9e8de78 -> 
  custom:audio-decoder-ogg-vorbis: bf7c407c2cedff20999df2af8eb42d56 -> 
  custom:audio-encoder-webm-vorbis: bf7c407c2cedff20999df2af8eb42d56 -> 
AssetImportWorkerClient::OnTransportError - code=2 error=End of file
